Assembler report for maestroII_OCT
Fri Sep 20 18:49:15 2019
Quartus Prime Version 16.1.0 Build 196 10/24/2016 SJ Lite Edition


---------------------
; Table of Contents ;
---------------------
  1. Legal Notice
  2. Assembler Summary
  3. Assembler Settings
  4. Assembler Encrypted IP Cores Summary
  5. Assembler Generated Files
  6. Assembler Device Options: D:/Design_A/Marilyn_FPGA/Marilyn_OCT_FPGA_v0008_201909020_3/altera/output_files/maestroII_OCT.sof
  7. Assembler Messages



----------------
; Legal Notice ;
----------------
Copyright (C) 2016  Intel Corporation. All rights reserved.
Your use of Intel Corporation's design tools, logic functions 
and other software and tools, and its AMPP partner logic 
functions, and any output files from any of the foregoing 
(including device programming or simulation files), and any 
associated documentation or information are expressly subject 
to the terms and conditions of the Intel Program License 
Subscription Agreement, the Intel Quartus Prime License Agreement,
the Intel MegaCore Function License Agreement, or other 
applicable license agreement, including, without limitation, 
that your use is for the sole purpose of programming logic 
devices manufactured by Intel and sold by Intel or its 
authorized distributors.  Please refer to the applicable 
agreement for further details.



+---------------------------------------------------------------+
; Assembler Summary                                             ;
+-----------------------+---------------------------------------+
; Assembler Status      ; Successful - Fri Sep 20 18:49:15 2019 ;
; Revision Name         ; maestroII_OCT                         ;
; Top-level Entity Name ; OCT_TOP_MAESTRO                       ;
; Family                ; MAX 10                                ;
; Device                ; 10M25DCF256C8G                        ;
+-----------------------+---------------------------------------+


+----------------------------------+
; Assembler Settings               ;
+--------+---------+---------------+
; Option ; Setting ; Default Value ;
+--------+---------+---------------+


+---------------------------------------------+
; Assembler Encrypted IP Cores Summary        ;
+--------+---------------------+--------------+
; Vendor ; IP Core Name        ; License Type ;
+--------+---------------------+--------------+
; Altera ; Unknown (6AF7 FFFF) ; Licensed     ;
+--------+---------------------+--------------+


+---------------------------------------------------------------------------------------------------+
; Assembler Generated Files                                                                         ;
+---------------------------------------------------------------------------------------------------+
; File Name                                                                                         ;
+---------------------------------------------------------------------------------------------------+
; D:/Design_A/Marilyn_FPGA/Marilyn_OCT_FPGA_v0008_201909020_3/altera/output_files/maestroII_OCT.sof ;
+---------------------------------------------------------------------------------------------------+


+-----------------------------------------------------------------------------------------------------------------------------+
; Assembler Device Options: D:/Design_A/Marilyn_FPGA/Marilyn_OCT_FPGA_v0008_201909020_3/altera/output_files/maestroII_OCT.sof ;
+----------------+------------------------------------------------------------------------------------------------------------+
; Option         ; Setting                                                                                                    ;
+----------------+------------------------------------------------------------------------------------------------------------+
; Device         ; 10M25DCF256C8G                                                                                             ;
; JTAG usercode  ; 0x008B6379                                                                                                 ;
; Checksum       ; 0x008B6379                                                                                                 ;
+----------------+------------------------------------------------------------------------------------------------------------+


+--------------------+
; Assembler Messages ;
+--------------------+
Info: *******************************************************************
Info: Running Quartus Prime Assembler
    Info: Version 16.1.0 Build 196 10/24/2016 SJ Lite Edition
    Info: Processing started: Fri Sep 20 18:49:12 2019
Info: Command: quartus_asm --read_settings_files=off --write_settings_files=off maestroII_OCT -c maestroII_OCT
Warning (125092): Tcl Script File test/synthesis/test.qip not found
    Info (125063): set_global_assignment -name QIP_FILE test/synthesis/test.qip
Warning (18236): Number of processors has not been specified which may cause overloading on shared machines.  Set the global assignment NUM_PARALLEL_PROCESSORS in your QSF to an appropriate value for best performance.
Info (115031): Writing out detailed assembly data for power analysis
Info (115030): Assembler is generating device programming files
Info: Quartus Prime Assembler was successful. 0 errors, 2 warnings
    Info: Peak virtual memory: 4753 megabytes
    Info: Processing ended: Fri Sep 20 18:49:15 2019
    Info: Elapsed time: 00:00:03
    Info: Total CPU time (on all processors): 00:00:02


